<?xml version="1.0" encoding="UTF-8"?>
<testsuite xmlns:xsi="http://www.w3.org/2001/XMLSchema-instance" xsi:noNamespaceSchemaLocation="https://maven.apache.org/surefire/maven-surefire-plugin/xsd/surefire-test-report.xsd" name="TestSuite" time="14.236" tests="17" errors="0" skipped="0" failures="0">
  <properties>
    <property name="sun.desktop" value="windows"/>
    <property name="awt.toolkit" value="sun.awt.windows.WToolkit"/>
    <property name="java.specification.version" value="11"/>
    <property name="sun.cpu.isalist" value="amd64"/>
    <property name="sun.jnu.encoding" value="Cp1252"/>
    <property name="java.class.path" value="C:\apache-maven-3.9.5\boot\plexus-classworlds-2.7.0.jar"/>
    <property name="java.vm.vendor" value="Oracle Corporation"/>
    <property name="sun.arch.data.model" value="64"/>
    <property name="user.variant" value=""/>
    <property name="java.vendor.url" value="https://openjdk.java.net/"/>
    <property name="user.timezone" value="Asia/Calcutta"/>
    <property name="maven.conf" value="C:\apache-maven-3.9.5/conf"/>
    <property name="os.name" value="Windows 11"/>
    <property name="java.vm.specification.version" value="11"/>
    <property name="sun.java.launcher" value="SUN_STANDARD"/>
    <property name="user.country" value="IN"/>
    <property name="sun.boot.library.path" value="D:\Softwares\java\jdk-11.0.19_windows-x64_bin\jdk-11.0.19\bin"/>
    <property name="sun.java.command" value="org.codehaus.plexus.classworlds.launcher.Launcher clean install -Denv=prod"/>
    <property name="jdk.debug" value="release"/>
    <property name="maven.home" value="C:\apache-maven-3.9.5"/>
    <property name="sun.cpu.endian" value="little"/>
    <property name="user.home" value="C:\Users\CEPL"/>
    <property name="user.language" value="en"/>
    <property name="sun.stderr.encoding" value="cp437"/>
    <property name="java.specification.vendor" value="Oracle Corporation"/>
    <property name="java.version.date" value="2023-04-18"/>
    <property name="java.home" value="D:\Softwares\java\jdk-11.0.19_windows-x64_bin\jdk-11.0.19"/>
    <property name="file.separator" value="\"/>
    <property name="java.vm.compressedOopsMode" value="Zero based"/>
    <property name="line.separator" value="&#10;"/>
    <property name="sun.stdout.encoding" value="cp437"/>
    <property name="java.specification.name" value="Java Platform API Specification"/>
    <property name="java.vm.specification.vendor" value="Oracle Corporation"/>
    <property name="java.awt.graphicsenv" value="sun.awt.Win32GraphicsEnvironment"/>
    <property name="user.script" value=""/>
    <property name="sun.management.compiler" value="HotSpot 64-Bit Tiered Compilers"/>
    <property name="java.runtime.version" value="11.0.19+9-LTS-224"/>
    <property name="user.name" value="CEPL"/>
    <property name="path.separator" value=";"/>
    <property name="os.version" value="10.0"/>
    <property name="java.runtime.name" value="Java(TM) SE Runtime Environment"/>
    <property name="file.encoding" value="Cp1252"/>
    <property name="guice.disable.misplaced.annotation.check" value="true"/>
    <property name="java.vm.name" value="Java HotSpot(TM) 64-Bit Server VM"/>
    <property name="java.vendor.version" value="18.9"/>
    <property name="java.vendor.url.bug" value="https://bugreport.java.com/bugreport/"/>
    <property name="java.io.tmpdir" value="C:\Users\CEPL\AppData\Local\Temp\"/>
    <property name="java.version" value="11.0.19"/>
    <property name="user.dir" value="D:\R_Internal\Eclipse\Naveen-Projects\test-frame-testng"/>
    <property name="os.arch" value="amd64"/>
    <property name="maven.multiModuleProjectDirectory" value="D:\R_Internal\Eclipse\Naveen-Projects\test-frame-testng"/>
    <property name="java.vm.specification.name" value="Java Virtual Machine Specification"/>
    <property name="java.awt.printerjob" value="sun.awt.windows.WPrinterJob"/>
    <property name="env" value="prod"/>
    <property name="sun.os.patch.level" value=""/>
    <property name="java.library.path" value="D:\Softwares\java\jdk-11.0.19_windows-x64_bin\jdk-11.0.19\bin;C:\WINDOWS\Sun\Java\bin;C:\WINDOWS\system32;C:\WINDOWS;C:\WINDOWS\system32;C:\WINDOWS;C:\WINDOWS\System32\Wbem;C:\WINDOWS\System32\WindowsPowerShell\v1.0\;C:\WINDOWS\System32\OpenSSH\;D:\Softwares\java\jdk-11.0.19_windows-x64_bin\jdk-11.0.19\bin;C:\apache-maven-3.9.5\bin;C:\Program Files\Microsoft SQL Server\Client SDK\ODBC\170\Tools\Binn\;C:\Program Files (x86)\Microsoft SQL Server\150\Tools\Binn\;C:\Program Files\Microsoft SQL Server\150\Tools\Binn\;C:\Program Files\Microsoft SQL Server\150\DTS\Binn\;C:\Program Files (x86)\Microsoft SQL Server\150\DTS\Binn\;C:\Program Files\Azure Data Studio\bin;C:\Program Files\Git\cmd;C:\Program Files\Amazon\AWSCLIV2\;C:\Program Files\PuTTY\;D:\Software-Tools\azcopy;D:\R\Scripts\;D:\R\;C:\Users\CEPL\AppData\Local\Microsoft\WindowsApps;C:\Program Files\Java\jdk1.8.0_202\bin;C:\apache-maven-3.8.4\bin;C:\Users\CEPL\AppData\Local\Microsoft\WindowsApps;."/>
    <property name="java.vendor" value="Oracle Corporation"/>
    <property name="java.vm.info" value="mixed mode"/>
    <property name="java.vm.version" value="11.0.19+9-LTS-224"/>
    <property name="classworlds.conf" value="C:\apache-maven-3.9.5\bin\m2.conf"/>
    <property name="sun.io.unicode.encoding" value="UnicodeLittle"/>
    <property name="library.jansi.path" value="C:\apache-maven-3.9.5\lib\jansi-native"/>
    <property name="java.class.version" value="55.0"/>
  </properties>
  <testcase name="loginPageTitleTest" classname="com.qa.opencart.test.LoginPageTest" time="0.586"/>
  <testcase name="loginPageUrlTest" classname="com.qa.opencart.test.LoginPageTest" time="0.065"/>
  <testcase name="IsLogoAvaialbleTest" classname="com.qa.opencart.test.LoginPageTest" time="0.198"/>
  <testcase name="isForgotLinkAvailableTest" classname="com.qa.opencart.test.LoginPageTest" time="0.105"/>
  <testcase name="prodInfoTest" classname="com.qa.opencart.test.ProductInfoPageTest" time="1.939"/>
  <testcase name="prodInfoTest" classname="com.qa.opencart.test.ProductInfoPageTest" time="0.534"/>
  <testcase name="prodInfoTest" classname="com.qa.opencart.test.ProductInfoPageTest" time="1.337"/>
  <testcase name="prodInfoTest" classname="com.qa.opencart.test.ProductInfoPageTest" time="1.298"/>
  <testcase name="prodInfoTest" classname="com.qa.opencart.test.ProductInfoPageTest" time="1.138"/>
  <testcase name="doLoginTest" classname="com.qa.opencart.test.LoginPageTest" time="0.028"/>
  <testcase name="accPageHeadersCountTest" classname="com.qa.opencart.test.AccountPageTest" time="0.188"/>
  <testcase name="accPageHeadersTest" classname="com.qa.opencart.test.AccountPageTest" time="0.136"/>
  <testcase name="accPageTitleTest" classname="com.qa.opencart.test.AccountPageTest" time="0.009"/>
  <testcase name="accPageURLTest" classname="com.qa.opencart.test.AccountPageTest" time="0.006"/>
  <testcase name="isLogoutLinkExitTest" classname="com.qa.opencart.test.AccountPageTest" time="0.104"/>
  <testcase name="isSearchFieldTest" classname="com.qa.opencart.test.AccountPageTest" time="0.051"/>
  <testcase name="searchProdTest" classname="com.qa.opencart.test.AccountPageTest" time="1.039"/>
</testsuite>