<?xml version="1.0" encoding="UTF-8"?>
<!-- Generated by org.testng.reporters.JUnitReportReporter -->
<testsuite hostname="DESKTOP-B7QEMLE" failures="0" tests="3" name="com.qa.opencart.test.RegistrationPageTest" time="9.784" errors="0" timestamp="2024-01-11T21:49:38 IST" skipped="0">
  <testcase classname="com.qa.opencart.test.RegistrationPageTest" name="fillRegistrationLink" time="2.882"/>
  <system-out/>
  <testcase classname="com.qa.opencart.test.RegistrationPageTest" name="fillRegistrationLink" time="3.951"/>
  <system-out/>
  <testcase classname="com.qa.opencart.test.RegistrationPageTest" name="fillRegistrationLink" time="2.951"/>
  <system-out/>
</testsuite> <!-- com.qa.opencart.test.RegistrationPageTest -->
