<?xml version="1.0" encoding="UTF-8"?>
<!-- Generated by org.testng.reporters.JUnitReportReporter -->
<testsuite hostname="DESKTOP-B7QEMLE" failures="0" tests="5" name="com.qa.opencart.test.LoginPageTest" time="0.922" errors="0" timestamp="2023-12-30T07:28:06 IST" skipped="0">
  <testcase classname="com.qa.opencart.test.LoginPageTest" name="loginPageTitleTest" time="0.014"/>
  <system-out/>
  <testcase classname="com.qa.opencart.test.LoginPageTest" name="loginPageUrlTest" time="0.013"/>
  <system-out/>
  <testcase classname="com.qa.opencart.test.LoginPageTest" name="IsLogoAvaialbleTest" time="0.041"/>
  <system-out/>
  <testcase classname="com.qa.opencart.test.LoginPageTest" name="isForgotLinkAvailableTest" time="0.032"/>
  <system-out/>
  <testcase classname="com.qa.opencart.test.LoginPageTest" name="doLoginTest" time="0.822"/>
  <system-out/>
</testsuite> <!-- com.qa.opencart.test.LoginPageTest -->
