<?xml version="1.0" encoding="UTF-8"?>
<!-- Generated by org.testng.reporters.JUnitReportReporter -->
<testsuite hostname="DESKTOP-B7QEMLE" failures="0" tests="5" name="com.qa.opencart.test.LoginPageTest" time="0.908" errors="0" timestamp="2024-01-11T21:49:38 IST" skipped="0">
  <testcase classname="com.qa.opencart.test.LoginPageTest" name="loginPageTitleTest" time="0.024"/>
  <system-out/>
  <testcase classname="com.qa.opencart.test.LoginPageTest" name="loginPageUrlTest" time="0.032"/>
  <system-out/>
  <testcase classname="com.qa.opencart.test.LoginPageTest" name="IsLogoAvaialbleTest" time="0.074"/>
  <system-out/>
  <testcase classname="com.qa.opencart.test.LoginPageTest" name="isForgotLinkAvailableTest" time="0.095"/>
  <system-out/>
  <testcase classname="com.qa.opencart.test.LoginPageTest" name="doLoginTest" time="0.683"/>
  <system-out/>
</testsuite> <!-- com.qa.opencart.test.LoginPageTest -->
