<?xml version="1.0" encoding="UTF-8"?>
<!-- Generated by org.testng.reporters.JUnitReportReporter -->
<testsuite hostname="DESKTOP-B7QEMLE" failures="0" tests="3" name="com.qa.opencart.test.RegistrationPageTest" time="7.836" errors="0" timestamp="2023-12-28T06:09:07 IST" skipped="0">
  <testcase classname="com.qa.opencart.test.RegistrationPageTest" name="fillRegistrationLink" time="2.517"/>
  <system-out/>
  <testcase classname="com.qa.opencart.test.RegistrationPageTest" name="fillRegistrationLink" time="2.831"/>
  <system-out/>
  <testcase classname="com.qa.opencart.test.RegistrationPageTest" name="fillRegistrationLink" time="2.488"/>
  <system-out/>
</testsuite> <!-- com.qa.opencart.test.RegistrationPageTest -->
