<?xml version="1.0" encoding="UTF-8"?>
<!-- Generated by org.testng.reporters.JUnitReportReporter -->
<testsuite hostname="DESKTOP-B7QEMLE" failures="0" tests="5" name="com.qa.opencart.test.ProductInfoPageTest" time="6.058" errors="0" timestamp="2024-01-11T21:49:38 IST" skipped="0">
  <testcase classname="com.qa.opencart.test.ProductInfoPageTest" name="prodInfoTest" time="1.293"/>
  <system-out/>
  <testcase classname="com.qa.opencart.test.ProductInfoPageTest" name="prodInfoTest" time="1.047"/>
  <system-out/>
  <testcase classname="com.qa.opencart.test.ProductInfoPageTest" name="prodInfoTest" time="1.356"/>
  <system-out/>
  <testcase classname="com.qa.opencart.test.ProductInfoPageTest" name="prodInfoTest" time="1.180"/>
  <system-out/>
  <testcase classname="com.qa.opencart.test.ProductInfoPageTest" name="prodInfoTest" time="1.182"/>
  <system-out/>
</testsuite> <!-- com.qa.opencart.test.ProductInfoPageTest -->
