<?xml version="1.0" encoding="UTF-8"?>
<!-- Generated by org.testng.reporters.JUnitReportReporter -->
<testsuite hostname="DESKTOP-B7QEMLE" failures="0" tests="1" name="com.qa.opencart_bddcucumber.testrunner.TestRunner" time="0.169" errors="0" timestamp="2023-12-13T19:27:48 IST" skipped="0">
  <testcase classname="com.qa.opencart_bddcucumber.testrunner.TestRunner" name="runScenario" time="0.169"/>
  <system-out/>
</testsuite> <!-- com.qa.opencart_bddcucumber.testrunner.TestRunner -->
