<?xml version="1.0" encoding="UTF-8"?>
<!-- Generated by org.testng.reporters.JUnitReportReporter -->
<testsuite hostname="DESKTOP-B7QEMLE" failures="0" tests="7" name="com.qa.opencart.test.AccountPageTest" time="2.990" errors="0" timestamp="2024-01-11T21:49:38 IST" skipped="0">
  <testcase classname="com.qa.opencart.test.AccountPageTest" name="searchProdTest" time="1.920"/>
  <system-out/>
  <testcase classname="com.qa.opencart.test.AccountPageTest" name="accPageURLTest" time="0.051"/>
  <system-out/>
  <testcase classname="com.qa.opencart.test.AccountPageTest" name="accPageTitleTest" time="0.071"/>
  <system-out/>
  <testcase classname="com.qa.opencart.test.AccountPageTest" name="isSearchFieldTest" time="0.081"/>
  <system-out/>
  <testcase classname="com.qa.opencart.test.AccountPageTest" name="accPageHeadersCountTest" time="0.457"/>
  <system-out/>
  <testcase classname="com.qa.opencart.test.AccountPageTest" name="accPageHeadersTest" time="0.298"/>
  <system-out/>
  <testcase classname="com.qa.opencart.test.AccountPageTest" name="isLogoutLinkExitTest" time="0.112"/>
  <system-out/>
</testsuite> <!-- com.qa.opencart.test.AccountPageTest -->
