<?xml version="1.0" encoding="UTF-8"?>
<!-- Generated by org.testng.reporters.JUnitReportReporter -->
<testsuite hostname="DESKTOP-B7QEMLE" failures="0" tests="5" name="com.qa.opencart.test.ProductInfoPageTest" time="7.303" errors="0" timestamp="2023-12-30T07:27:44 IST" skipped="0">
  <testcase classname="com.qa.opencart.test.ProductInfoPageTest" name="prodInfoTest" time="1.348"/>
  <system-out/>
  <testcase classname="com.qa.opencart.test.ProductInfoPageTest" name="prodInfoTest" time="1.317"/>
  <system-out/>
  <testcase classname="com.qa.opencart.test.ProductInfoPageTest" name="prodInfoTest" time="1.136"/>
  <system-out/>
  <testcase classname="com.qa.opencart.test.ProductInfoPageTest" name="prodInfoTest" time="2.298"/>
  <system-out/>
  <testcase classname="com.qa.opencart.test.ProductInfoPageTest" name="prodInfoTest" time="1.204"/>
  <system-out/>
</testsuite> <!-- com.qa.opencart.test.ProductInfoPageTest -->
