<?xml version="1.0" encoding="UTF-8"?>
<!-- Generated by org.testng.reporters.JUnitReportReporter -->
<testsuite hostname="DESKTOP-B7QEMLE" failures="0" tests="3" name="com.qa.opencart.test.RegistrationPageTest" time="7.596" errors="0" timestamp="2023-12-30T06:51:42 IST" skipped="0">
  <testcase classname="com.qa.opencart.test.RegistrationPageTest" name="fillRegistrationLink" time="2.451"/>
  <system-out/>
  <testcase classname="com.qa.opencart.test.RegistrationPageTest" name="fillRegistrationLink" time="2.477"/>
  <system-out/>
  <testcase classname="com.qa.opencart.test.RegistrationPageTest" name="fillRegistrationLink" time="2.668"/>
  <system-out/>
</testsuite> <!-- com.qa.opencart.test.RegistrationPageTest -->
