<?xml version="1.0" encoding="UTF-8"?>
<!-- Generated by org.testng.reporters.JUnitReportReporter -->
<testsuite hostname="DESKTOP-B7QEMLE" failures="0" tests="1" name="com.qa.opencart_bddcucumber.testrunner.LoginTestRunner" time="0.115" errors="0" timestamp="2023-12-13T19:35:39 IST" skipped="0">
  <testcase classname="com.qa.opencart_bddcucumber.testrunner.LoginTestRunner" name="runScenario" time="0.115"/>
  <system-out/>
</testsuite> <!-- com.qa.opencart_bddcucumber.testrunner.LoginTestRunner -->
