<?xml version="1.0" encoding="UTF-8"?>
<!-- Generated by org.testng.reporters.JUnitReportReporter -->
<testsuite hostname="DESKTOP-B7QEMLE" failures="0" tests="5" name="com.qa.opencart.test.LoginPageTest" time="1.088" errors="0" timestamp="2023-12-29T08:45:02 IST" skipped="0">
  <testcase classname="com.qa.opencart.test.LoginPageTest" name="loginPageTitleTest" time="0.025"/>
  <system-out/>
  <testcase classname="com.qa.opencart.test.LoginPageTest" name="loginPageUrlTest" time="0.016"/>
  <system-out/>
  <testcase classname="com.qa.opencart.test.LoginPageTest" name="IsLogoAvaialbleTest" time="0.052"/>
  <system-out/>
  <testcase classname="com.qa.opencart.test.LoginPageTest" name="isForgotLinkAvailableTest" time="0.046"/>
  <system-out/>
  <testcase classname="com.qa.opencart.test.LoginPageTest" name="doLoginTest" time="0.949"/>
  <system-out/>
</testsuite> <!-- com.qa.opencart.test.LoginPageTest -->
