<?xml version="1.0" encoding="UTF-8"?>
<!-- Generated by org.testng.reporters.JUnitReportReporter -->
<testsuite hostname="DESKTOP-B7QEMLE" failures="0" tests="7" name="com.qa.opencart.test.AccountPageTest" time="1.561" errors="0" timestamp="2023-12-30T07:27:44 IST" skipped="0">
  <testcase classname="com.qa.opencart.test.AccountPageTest" name="isSearchFieldTest" time="0.025"/>
  <system-out/>
  <testcase classname="com.qa.opencart.test.AccountPageTest" name="accPageHeadersTest" time="0.058"/>
  <system-out/>
  <testcase classname="com.qa.opencart.test.AccountPageTest" name="isLogoutLinkExitTest" time="0.059"/>
  <system-out/>
  <testcase classname="com.qa.opencart.test.AccountPageTest" name="searchProdTest" time="1.316"/>
  <system-out/>
  <testcase classname="com.qa.opencart.test.AccountPageTest" name="accPageTitleTest" time="0.007"/>
  <system-out/>
  <testcase classname="com.qa.opencart.test.AccountPageTest" name="accPageHeadersCountTest" time="0.089"/>
  <system-out/>
  <testcase classname="com.qa.opencart.test.AccountPageTest" name="accPageURLTest" time="0.007"/>
  <system-out/>
</testsuite> <!-- com.qa.opencart.test.AccountPageTest -->
