<?xml version="1.0" encoding="UTF-8"?>
<!-- Generated by org.testng.reporters.JUnitReportReporter -->
<testsuite skipped="0" hostname="DESKTOP-B7QEMLE" name="com.qa.opencart.test.ProductInfoPageTest" tests="5" failures="0" timestamp="2023-12-13T19:31:44 IST" time="20.728" errors="0">
  <testcase name="prodInfoTest" time="6.965" classname="com.qa.opencart.test.ProductInfoPageTest"/>
  <system-out/>
  <testcase name="prodInfoTest" time="3.153" classname="com.qa.opencart.test.ProductInfoPageTest"/>
  <system-out/>
  <testcase name="prodInfoTest" time="2.559" classname="com.qa.opencart.test.ProductInfoPageTest"/>
  <system-out/>
  <testcase name="prodInfoTest" time="4.573" classname="com.qa.opencart.test.ProductInfoPageTest"/>
  <system-out/>
  <testcase name="prodInfoTest" time="3.478" classname="com.qa.opencart.test.ProductInfoPageTest"/>
  <system-out/>
</testsuite> <!-- com.qa.opencart.test.ProductInfoPageTest -->
