<?xml version="1.0" encoding="UTF-8"?>
<!-- Generated by org.testng.reporters.JUnitReportReporter -->
<testsuite skipped="0" hostname="DESKTOP-B7QEMLE" name="com.qa.opencart.test.RegistrationPageTest" tests="3" failures="0" timestamp="2023-12-13T19:31:44 IST" time="21.242" errors="0">
  <testcase name="fillRegistrationLink" time="10.616" classname="com.qa.opencart.test.RegistrationPageTest"/>
  <system-out/>
  <testcase name="fillRegistrationLink" time="5.411" classname="com.qa.opencart.test.RegistrationPageTest"/>
  <system-out/>
  <testcase name="fillRegistrationLink" time="5.215" classname="com.qa.opencart.test.RegistrationPageTest"/>
  <system-out/>
</testsuite> <!-- com.qa.opencart.test.RegistrationPageTest -->
