<?xml version="1.0" encoding="UTF-8"?>
<!-- Generated by org.testng.reporters.JUnitReportReporter -->
<testsuite skipped="0" hostname="DESKTOP-B7QEMLE" name="com.qa.opencart.test.LoginPageTest" tests="5" failures="0" timestamp="2023-12-13T19:31:44 IST" time="8.657" errors="0">
  <testcase name="loginPageTitleTest" time="1.747" classname="com.qa.opencart.test.LoginPageTest"/>
  <system-out/>
  <testcase name="loginPageUrlTest" time="0.187" classname="com.qa.opencart.test.LoginPageTest"/>
  <system-out/>
  <testcase name="IsLogoAvaialbleTest" time="0.824" classname="com.qa.opencart.test.LoginPageTest"/>
  <system-out/>
  <testcase name="isForgotLinkAvailableTest" time="0.460" classname="com.qa.opencart.test.LoginPageTest"/>
  <system-out/>
  <testcase name="doLoginTest" time="5.439" classname="com.qa.opencart.test.LoginPageTest"/>
  <system-out/>
</testsuite> <!-- com.qa.opencart.test.LoginPageTest -->
