<?xml version="1.0" encoding="UTF-8"?>
<!-- Generated by org.testng.reporters.JUnitReportReporter -->
<testsuite skipped="0" hostname="DESKTOP-B7QEMLE" name="com.qa.opencart.test.AccountPageTest" tests="7" failures="0" timestamp="2023-12-13T19:31:44 IST" time="5.039" errors="0">
  <testcase name="accPageTitleTest" time="0.012" classname="com.qa.opencart.test.AccountPageTest"/>
  <system-out/>
  <testcase name="searchProdTest" time="3.894" classname="com.qa.opencart.test.AccountPageTest"/>
  <system-out/>
  <testcase name="accPageHeadersCountTest" time="0.334" classname="com.qa.opencart.test.AccountPageTest"/>
  <system-out/>
  <testcase name="isLogoutLinkExitTest" time="0.319" classname="com.qa.opencart.test.AccountPageTest"/>
  <system-out/>
  <testcase name="accPageHeadersTest" time="0.352" classname="com.qa.opencart.test.AccountPageTest"/>
  <system-out/>
  <testcase name="isSearchFieldTest" time="0.114" classname="com.qa.opencart.test.AccountPageTest"/>
  <system-out/>
  <testcase name="accPageURLTest" time="0.014" classname="com.qa.opencart.test.AccountPageTest"/>
  <system-out/>
</testsuite> <!-- com.qa.opencart.test.AccountPageTest -->
