<?xml version="1.0" encoding="UTF-8"?>
<!-- Generated by org.testng.reporters.JUnitReportReporter -->
<testsuite hostname="DESKTOP-B7QEMLE" failures="0" tests="5" name="com.qa.opencart.test.ProductInfoPageTest" time="8.475" errors="0" timestamp="2023-12-30T07:28:37 IST" skipped="0">
  <testcase classname="com.qa.opencart.test.ProductInfoPageTest" name="prodInfoTest" time="1.792"/>
  <system-out/>
  <testcase classname="com.qa.opencart.test.ProductInfoPageTest" name="prodInfoTest" time="1.336"/>
  <system-out/>
  <testcase classname="com.qa.opencart.test.ProductInfoPageTest" name="prodInfoTest" time="1.139"/>
  <system-out/>
  <testcase classname="com.qa.opencart.test.ProductInfoPageTest" name="prodInfoTest" time="1.300"/>
  <system-out/>
  <testcase classname="com.qa.opencart.test.ProductInfoPageTest" name="prodInfoTest" time="2.908"/>
  <system-out/>
</testsuite> <!-- com.qa.opencart.test.ProductInfoPageTest -->
